INFO 2026-01-18 14:54:22,712 autoreload C:\Users\BrainAlive\Desktop\Practice\Enterprise-Workflow-Approval-Management-System\backend\workflow_system\workflow_system\settings.py changed, reloading.
INFO 2026-01-18 14:54:24,686 autoreload Watching for file changes with StatReloader
INFO 2026-01-18 14:55:08,989 autoreload C:\Users\BrainAlive\Desktop\Practice\Enterprise-Workflow-Approval-Management-System\backend\workflow_system\workflow_system\urls.py changed, reloading.
INFO 2026-01-18 14:55:10,830 autoreload Watching for file changes with StatReloader
WARNING 2026-01-18 14:57:18,602 log Forbidden (CSRF cookie not set.): /password-reset/
INFO 2026-01-18 15:01:32,754 autoreload Watching for file changes with StatReloader
WARNING 2026-01-18 15:03:05,455 log Not Found: /favicon.ico
ERROR 2026-01-18 15:03:19,398 log Internal Server Error: /password-reset/
Traceback (most recent call last):
  File "C:\Users\BrainAlive\Desktop\Practice\Enterprise-Workflow-Approval-Management-System\backend\workflow_system\venv\Lib\site-packages\django\core\handlers\exception.py", line 55, in inner
    response = get_response(request)
  File "C:\Users\BrainAlive\Desktop\Practice\Enterprise-Workflow-Approval-Management-System\backend\workflow_system\venv\Lib\site-packages\django\core\handlers\base.py", line 198, in _get_response
    response = wrapped_callback(request, *callback_args, **callback_kwargs)
  File "C:\Users\BrainAlive\Desktop\Practice\Enterprise-Workflow-Approval-Management-System\backend\workflow_system\venv\Lib\site-packages\django\views\generic\base.py", line 106, in view
    return self.dispatch(request, *args, **kwargs)
           ~~~~~~~~~~~~~^^^^^^^^^^^^^^^^^^^^^^^^^^
  File "C:\Users\BrainAlive\Desktop\Practice\Enterprise-Workflow-Approval-Management-System\backend\workflow_system\venv\Lib\site-packages\django\utils\decorators.py", line 48, in _wrapper
    return bound_method(*args, **kwargs)
  File "C:\Users\BrainAlive\Desktop\Practice\Enterprise-Workflow-Approval-Management-System\backend\workflow_system\venv\Lib\site-packages\django\utils\decorators.py", line 192, in _view_wrapper
    result = _process_exception(request, e)
  File "C:\Users\BrainAlive\Desktop\Practice\Enterprise-Workflow-Approval-Management-System\backend\workflow_system\venv\Lib\site-packages\django\utils\decorators.py", line 190, in _view_wrapper
    response = view_func(request, *args, **kwargs)
  File "C:\Users\BrainAlive\Desktop\Practice\Enterprise-Workflow-Approval-Management-System\backend\workflow_system\venv\Lib\site-packages\django\views\generic\base.py", line 145, in dispatch
    return handler(request, *args, **kwargs)
  File "C:\Users\BrainAlive\Desktop\Practice\Enterprise-Workflow-Approval-Management-System\backend\workflow_system\venv\Lib\site-packages\django\views\generic\edit.py", line 151, in post
    return self.form_valid(form)
           ~~~~~~~~~~~~~~~^^^^^^
  File "C:\Users\BrainAlive\Desktop\Practice\Enterprise-Workflow-Approval-Management-System\backend\workflow_system\venv\Lib\site-packages\django\contrib\auth\views.py", line 234, in form_valid
    form.save(**opts)
    ~~~~~~~~~^^^^^^^^
  File "C:\Users\BrainAlive\Desktop\Practice\Enterprise-Workflow-Approval-Management-System\backend\workflow_system\venv\Lib\site-packages\django\contrib\auth\forms.py", line 481, in save
    self.send_mail(
    ~~~~~~~~~~~~~~^
        subject_template_name,
        ^^^^^^^^^^^^^^^^^^^^^^
    ...<4 lines>...
        html_email_template_name=html_email_template_name,
        ^^^^^^^^^^^^^^^^^^^^^^^^^^^^^^^^^^^^^^^^^^^^^^^^^^
    )
    ^
  File "C:\Users\BrainAlive\Desktop\Practice\Enterprise-Workflow-Approval-Management-System\backend\workflow_system\venv\Lib\site-packages\django\contrib\auth\forms.py", line 409, in send_mail
    body = loader.render_to_string(email_template_name, context)
  File "C:\Users\BrainAlive\Desktop\Practice\Enterprise-Workflow-Approval-Management-System\backend\workflow_system\venv\Lib\site-packages\django\template\loader.py", line 62, in render_to_string
    return template.render(context, request)
           ~~~~~~~~~~~~~~~^^^^^^^^^^^^^^^^^^
  File "C:\Users\BrainAlive\Desktop\Practice\Enterprise-Workflow-Approval-Management-System\backend\workflow_system\venv\Lib\site-packages\django\template\backends\django.py", line 107, in render
    return self.template.render(context)
           ~~~~~~~~~~~~~~~~~~~~^^^^^^^^^
  File "C:\Users\BrainAlive\Desktop\Practice\Enterprise-Workflow-Approval-Management-System\backend\workflow_system\venv\Lib\site-packages\django\template\base.py", line 174, in render
    return self._render(context)
           ~~~~~~~~~~~~^^^^^^^^^
  File "C:\Users\BrainAlive\Desktop\Practice\Enterprise-Workflow-Approval-Management-System\backend\workflow_system\venv\Lib\site-packages\django\template\base.py", line 166, in _render
    return self.nodelist.render(context)
           ~~~~~~~~~~~~~~~~~~~~^^^^^^^^^
  File "C:\Users\BrainAlive\Desktop\Practice\Enterprise-Workflow-Approval-Management-System\backend\workflow_system\venv\Lib\site-packages\django\template\base.py", line 1091, in render
    return SafeString("".join([node.render_annotated(context) for node in self]))
                               ~~~~~~~~~~~~~~~~~~~~~^^^^^^^^^
  File "C:\Users\BrainAlive\Desktop\Practice\Enterprise-Workflow-Approval-Management-System\backend\workflow_system\venv\Lib\site-packages\django\template\base.py", line 1052, in render_annotated
    return self.render(context)
           ~~~~~~~~~~~^^^^^^^^^
  File "C:\Users\BrainAlive\Desktop\Practice\Enterprise-Workflow-Approval-Management-System\backend\workflow_system\venv\Lib\site-packages\django\template\defaulttags.py", line 58, in render
    output = self.nodelist.render(context)
  File "C:\Users\BrainAlive\Desktop\Practice\Enterprise-Workflow-Approval-Management-System\backend\workflow_system\venv\Lib\site-packages\django\template\base.py", line 1091, in render
    return SafeString("".join([node.render_annotated(context) for node in self]))
                               ~~~~~~~~~~~~~~~~~~~~~^^^^^^^^^
  File "C:\Users\BrainAlive\Desktop\Practice\Enterprise-Workflow-Approval-Management-System\backend\workflow_system\venv\Lib\site-packages\django\template\base.py", line 1052, in render_annotated
    return self.render(context)
           ~~~~~~~~~~~^^^^^^^^^
  File "C:\Users\BrainAlive\Desktop\Practice\Enterprise-Workflow-Approval-Management-System\backend\workflow_system\venv\Lib\site-packages\django\template\loader_tags.py", line 56, in render
    result = self.nodelist.render(context)
  File "C:\Users\BrainAlive\Desktop\Practice\Enterprise-Workflow-Approval-Management-System\backend\workflow_system\venv\Lib\site-packages\django\template\base.py", line 1091, in render
    return SafeString("".join([node.render_annotated(context) for node in self]))
                               ~~~~~~~~~~~~~~~~~~~~~^^^^^^^^^
  File "C:\Users\BrainAlive\Desktop\Practice\Enterprise-Workflow-Approval-Management-System\backend\workflow_system\venv\Lib\site-packages\django\template\base.py", line 1052, in render_annotated
    return self.render(context)
           ~~~~~~~~~~~^^^^^^^^^
  File "C:\Users\BrainAlive\Desktop\Practice\Enterprise-Workflow-Approval-Management-System\backend\workflow_system\venv\Lib\site-packages\django\template\defaulttags.py", line 511, in render
    url = reverse(view_name, args=args, kwargs=kwargs, current_app=current_app)
  File "C:\Users\BrainAlive\Desktop\Practice\Enterprise-Workflow-Approval-Management-System\backend\workflow_system\venv\Lib\site-packages\django\urls\base.py", line 98, in reverse
    resolved_url = resolver._reverse_with_prefix(view, prefix, *args, **kwargs)
  File "C:\Users\BrainAlive\Desktop\Practice\Enterprise-Workflow-Approval-Management-System\backend\workflow_system\venv\Lib\site-packages\django\urls\resolvers.py", line 842, in _reverse_with_prefix
    raise NoReverseMatch(msg)
django.urls.exceptions.NoReverseMatch: Reverse for 'password_reset_confirm' not found. 'password_reset_confirm' is not a valid view function or pattern name.
INFO 2026-01-18 15:05:01,629 autoreload C:\Users\BrainAlive\Desktop\Practice\Enterprise-Workflow-Approval-Management-System\backend\workflow_system\workflow_system\urls.py changed, reloading.
INFO 2026-01-18 15:05:03,435 autoreload Watching for file changes with StatReloader
ERROR 2026-01-18 15:05:10,991 log Internal Server Error: /password-reset/
Traceback (most recent call last):
  File "C:\Users\BrainAlive\Desktop\Practice\Enterprise-Workflow-Approval-Management-System\backend\workflow_system\venv\Lib\site-packages\django\core\handlers\exception.py", line 55, in inner
    response = get_response(request)
  File "C:\Users\BrainAlive\Desktop\Practice\Enterprise-Workflow-Approval-Management-System\backend\workflow_system\venv\Lib\site-packages\django\core\handlers\base.py", line 198, in _get_response
    response = wrapped_callback(request, *callback_args, **callback_kwargs)
  File "C:\Users\BrainAlive\Desktop\Practice\Enterprise-Workflow-Approval-Management-System\backend\workflow_system\venv\Lib\site-packages\django\views\generic\base.py", line 106, in view
    return self.dispatch(request, *args, **kwargs)
           ~~~~~~~~~~~~~^^^^^^^^^^^^^^^^^^^^^^^^^^
  File "C:\Users\BrainAlive\Desktop\Practice\Enterprise-Workflow-Approval-Management-System\backend\workflow_system\venv\Lib\site-packages\django\utils\decorators.py", line 48, in _wrapper
    return bound_method(*args, **kwargs)
  File "C:\Users\BrainAlive\Desktop\Practice\Enterprise-Workflow-Approval-Management-System\backend\workflow_system\venv\Lib\site-packages\django\utils\decorators.py", line 192, in _view_wrapper
    result = _process_exception(request, e)
  File "C:\Users\BrainAlive\Desktop\Practice\Enterprise-Workflow-Approval-Management-System\backend\workflow_system\venv\Lib\site-packages\django\utils\decorators.py", line 190, in _view_wrapper
    response = view_func(request, *args, **kwargs)
  File "C:\Users\BrainAlive\Desktop\Practice\Enterprise-Workflow-Approval-Management-System\backend\workflow_system\venv\Lib\site-packages\django\views\generic\base.py", line 145, in dispatch
    return handler(request, *args, **kwargs)
  File "C:\Users\BrainAlive\Desktop\Practice\Enterprise-Workflow-Approval-Management-System\backend\workflow_system\venv\Lib\site-packages\django\views\generic\edit.py", line 151, in post
    return self.form_valid(form)
           ~~~~~~~~~~~~~~~^^^^^^
  File "C:\Users\BrainAlive\Desktop\Practice\Enterprise-Workflow-Approval-Management-System\backend\workflow_system\venv\Lib\site-packages\django\contrib\auth\views.py", line 234, in form_valid
    form.save(**opts)
    ~~~~~~~~~^^^^^^^^
  File "C:\Users\BrainAlive\Desktop\Practice\Enterprise-Workflow-Approval-Management-System\backend\workflow_system\venv\Lib\site-packages\django\contrib\auth\forms.py", line 481, in save
    self.send_mail(
    ~~~~~~~~~~~~~~^
        subject_template_name,
        ^^^^^^^^^^^^^^^^^^^^^^
    ...<4 lines>...
        html_email_template_name=html_email_template_name,
        ^^^^^^^^^^^^^^^^^^^^^^^^^^^^^^^^^^^^^^^^^^^^^^^^^^
    )
    ^
  File "C:\Users\BrainAlive\Desktop\Practice\Enterprise-Workflow-Approval-Management-System\backend\workflow_system\venv\Lib\site-packages\django\contrib\auth\forms.py", line 409, in send_mail
    body = loader.render_to_string(email_template_name, context)
  File "C:\Users\BrainAlive\Desktop\Practice\Enterprise-Workflow-Approval-Management-System\backend\workflow_system\venv\Lib\site-packages\django\template\loader.py", line 62, in render_to_string
    return template.render(context, request)
           ~~~~~~~~~~~~~~~^^^^^^^^^^^^^^^^^^
  File "C:\Users\BrainAlive\Desktop\Practice\Enterprise-Workflow-Approval-Management-System\backend\workflow_system\venv\Lib\site-packages\django\template\backends\django.py", line 107, in render
    return self.template.render(context)
           ~~~~~~~~~~~~~~~~~~~~^^^^^^^^^
  File "C:\Users\BrainAlive\Desktop\Practice\Enterprise-Workflow-Approval-Management-System\backend\workflow_system\venv\Lib\site-packages\django\template\base.py", line 174, in render
    return self._render(context)
           ~~~~~~~~~~~~^^^^^^^^^
  File "C:\Users\BrainAlive\Desktop\Practice\Enterprise-Workflow-Approval-Management-System\backend\workflow_system\venv\Lib\site-packages\django\template\base.py", line 166, in _render
    return self.nodelist.render(context)
           ~~~~~~~~~~~~~~~~~~~~^^^^^^^^^
  File "C:\Users\BrainAlive\Desktop\Practice\Enterprise-Workflow-Approval-Management-System\backend\workflow_system\venv\Lib\site-packages\django\template\base.py", line 1091, in render
    return SafeString("".join([node.render_annotated(context) for node in self]))
                               ~~~~~~~~~~~~~~~~~~~~~^^^^^^^^^
  File "C:\Users\BrainAlive\Desktop\Practice\Enterprise-Workflow-Approval-Management-System\backend\workflow_system\venv\Lib\site-packages\django\template\base.py", line 1052, in render_annotated
    return self.render(context)
           ~~~~~~~~~~~^^^^^^^^^
  File "C:\Users\BrainAlive\Desktop\Practice\Enterprise-Workflow-Approval-Management-System\backend\workflow_system\venv\Lib\site-packages\django\template\defaulttags.py", line 58, in render
    output = self.nodelist.render(context)
  File "C:\Users\BrainAlive\Desktop\Practice\Enterprise-Workflow-Approval-Management-System\backend\workflow_system\venv\Lib\site-packages\django\template\base.py", line 1091, in render
    return SafeString("".join([node.render_annotated(context) for node in self]))
                               ~~~~~~~~~~~~~~~~~~~~~^^^^^^^^^
  File "C:\Users\BrainAlive\Desktop\Practice\Enterprise-Workflow-Approval-Management-System\backend\workflow_system\venv\Lib\site-packages\django\template\base.py", line 1052, in render_annotated
    return self.render(context)
           ~~~~~~~~~~~^^^^^^^^^
  File "C:\Users\BrainAlive\Desktop\Practice\Enterprise-Workflow-Approval-Management-System\backend\workflow_system\venv\Lib\site-packages\django\template\loader_tags.py", line 56, in render
    result = self.nodelist.render(context)
  File "C:\Users\BrainAlive\Desktop\Practice\Enterprise-Workflow-Approval-Management-System\backend\workflow_system\venv\Lib\site-packages\django\template\base.py", line 1091, in render
    return SafeString("".join([node.render_annotated(context) for node in self]))
                               ~~~~~~~~~~~~~~~~~~~~~^^^^^^^^^
  File "C:\Users\BrainAlive\Desktop\Practice\Enterprise-Workflow-Approval-Management-System\backend\workflow_system\venv\Lib\site-packages\django\template\base.py", line 1052, in render_annotated
    return self.render(context)
           ~~~~~~~~~~~^^^^^^^^^
  File "C:\Users\BrainAlive\Desktop\Practice\Enterprise-Workflow-Approval-Management-System\backend\workflow_system\venv\Lib\site-packages\django\template\defaulttags.py", line 511, in render
    url = reverse(view_name, args=args, kwargs=kwargs, current_app=current_app)
  File "C:\Users\BrainAlive\Desktop\Practice\Enterprise-Workflow-Approval-Management-System\backend\workflow_system\venv\Lib\site-packages\django\urls\base.py", line 98, in reverse
    resolved_url = resolver._reverse_with_prefix(view, prefix, *args, **kwargs)
  File "C:\Users\BrainAlive\Desktop\Practice\Enterprise-Workflow-Approval-Management-System\backend\workflow_system\venv\Lib\site-packages\django\urls\resolvers.py", line 842, in _reverse_with_prefix
    raise NoReverseMatch(msg)
django.urls.exceptions.NoReverseMatch: Reverse for 'password_reset_confirm' not found. 'password_reset_confirm' is not a valid view function or pattern name.
INFO 2026-01-18 15:05:24,465 autoreload C:\Users\BrainAlive\Desktop\Practice\Enterprise-Workflow-Approval-Management-System\backend\workflow_system\workflow_system\urls.py changed, reloading.
INFO 2026-01-18 15:05:26,387 autoreload Watching for file changes with StatReloader
ERROR 2026-01-18 15:05:34,288 log Internal Server Error: /password-reset/
Traceback (most recent call last):
  File "C:\Users\BrainAlive\Desktop\Practice\Enterprise-Workflow-Approval-Management-System\backend\workflow_system\venv\Lib\site-packages\django\core\handlers\exception.py", line 55, in inner
    response = get_response(request)
  File "C:\Users\BrainAlive\Desktop\Practice\Enterprise-Workflow-Approval-Management-System\backend\workflow_system\venv\Lib\site-packages\django\core\handlers\base.py", line 198, in _get_response
    response = wrapped_callback(request, *callback_args, **callback_kwargs)
  File "C:\Users\BrainAlive\Desktop\Practice\Enterprise-Workflow-Approval-Management-System\backend\workflow_system\venv\Lib\site-packages\django\views\generic\base.py", line 106, in view
    return self.dispatch(request, *args, **kwargs)
           ~~~~~~~~~~~~~^^^^^^^^^^^^^^^^^^^^^^^^^^
  File "C:\Users\BrainAlive\Desktop\Practice\Enterprise-Workflow-Approval-Management-System\backend\workflow_system\venv\Lib\site-packages\django\utils\decorators.py", line 48, in _wrapper
    return bound_method(*args, **kwargs)
  File "C:\Users\BrainAlive\Desktop\Practice\Enterprise-Workflow-Approval-Management-System\backend\workflow_system\venv\Lib\site-packages\django\utils\decorators.py", line 192, in _view_wrapper
    result = _process_exception(request, e)
  File "C:\Users\BrainAlive\Desktop\Practice\Enterprise-Workflow-Approval-Management-System\backend\workflow_system\venv\Lib\site-packages\django\utils\decorators.py", line 190, in _view_wrapper
    response = view_func(request, *args, **kwargs)
  File "C:\Users\BrainAlive\Desktop\Practice\Enterprise-Workflow-Approval-Management-System\backend\workflow_system\venv\Lib\site-packages\django\views\generic\base.py", line 145, in dispatch
    return handler(request, *args, **kwargs)
  File "C:\Users\BrainAlive\Desktop\Practice\Enterprise-Workflow-Approval-Management-System\backend\workflow_system\venv\Lib\site-packages\django\views\generic\edit.py", line 151, in post
    return self.form_valid(form)
           ~~~~~~~~~~~~~~~^^^^^^
  File "C:\Users\BrainAlive\Desktop\Practice\Enterprise-Workflow-Approval-Management-System\backend\workflow_system\venv\Lib\site-packages\django\contrib\auth\views.py", line 235, in form_valid
    return super().form_valid(form)
           ~~~~~~~~~~~~~~~~~~^^^^^^
  File "C:\Users\BrainAlive\Desktop\Practice\Enterprise-Workflow-Approval-Management-System\backend\workflow_system\venv\Lib\site-packages\django\views\generic\edit.py", line 63, in form_valid
    return HttpResponseRedirect(self.get_success_url())
                                ~~~~~~~~~~~~~~~~~~~~^^
  File "C:\Users\BrainAlive\Desktop\Practice\Enterprise-Workflow-Approval-Management-System\backend\workflow_system\venv\Lib\site-packages\django\views\generic\edit.py", line 57, in get_success_url
    if not self.success_url:
           ^^^^^^^^^^^^^^^^
  File "C:\Users\BrainAlive\Desktop\Practice\Enterprise-Workflow-Approval-Management-System\backend\workflow_system\venv\Lib\site-packages\django\utils\functional.py", line 187, in __wrapper__
    result = func(*self._args, **self._kw)
  File "C:\Users\BrainAlive\Desktop\Practice\Enterprise-Workflow-Approval-Management-System\backend\workflow_system\venv\Lib\site-packages\django\urls\base.py", line 98, in reverse
    resolved_url = resolver._reverse_with_prefix(view, prefix, *args, **kwargs)
  File "C:\Users\BrainAlive\Desktop\Practice\Enterprise-Workflow-Approval-Management-System\backend\workflow_system\venv\Lib\site-packages\django\urls\resolvers.py", line 842, in _reverse_with_prefix
    raise NoReverseMatch(msg)
django.urls.exceptions.NoReverseMatch: Reverse for 'password_reset_done' not found. 'password_reset_done' is not a valid view function or pattern name.
INFO 2026-01-18 15:06:28,082 autoreload C:\Users\BrainAlive\Desktop\Practice\Enterprise-Workflow-Approval-Management-System\backend\workflow_system\workflow_system\urls.py changed, reloading.
INFO 2026-01-18 15:06:30,341 autoreload Watching for file changes with StatReloader
